0 info it worked if it ends with ok
1 verbose cli [ '/Users/camilo.colorado/.nvm/versions/node/v6.9.5/bin/node',
1 verbose cli   '/Users/camilo.colorado/.nvm/versions/node/v6.9.5/bin/npm',
1 verbose cli   'run',
1 verbose cli   'node' ]
2 info using npm@3.10.10
3 info using node@v6.9.5
4 verbose run-script [ 'prenode', 'node', 'postnode' ]
5 info lifecycle mongo@1.0.0~prenode: mongo@1.0.0
6 verbose lifecycle mongo@1.0.0~prenode: unsafe-perm in lifecycle true
7 verbose lifecycle mongo@1.0.0~prenode: PATH: /Users/camilo.colorado/.nvm/versions/node/v6.9.5/lib/node_modules/npm/bin/node-gyp-bin:/Users/camilo.colorado/Documents/Camilo/basic-mongo-nodeJs/node_modules/.bin:/Users/camilo.colorado/Documents/Camilo/basic-mongo-nodeJs/node_modules/.bin:/Users/camilo.colorado/.nvm/versions/node/v6.9.5/lib/node_modules/npm/bin/node-gyp-bin:/Users/camilo.colorado/Documents/Camilo/basic-mongo-nodeJs/node_modules/.bin:/Users/camilo.colorado/.nvm/versions/node/v6.9.5/bin:/usr/local/bin:/usr/bin:/bin:/usr/sbin:/sbin:/usr/local/sbin:/Users/camilo.colorado/.nvm/versions/node/v6.9.5/bin
8 verbose lifecycle mongo@1.0.0~prenode: CWD: /Users/camilo.colorado/Documents/Camilo/basic-mongo-nodeJs
9 silly lifecycle mongo@1.0.0~prenode: Args: [ '-c', 'rimraf dist && babel src -d dist' ]
10 silly lifecycle mongo@1.0.0~prenode: Returned: code: 1  signal: null
11 info lifecycle mongo@1.0.0~prenode: Failed to exec prenode script
12 verbose stack Error: mongo@1.0.0 prenode: `rimraf dist && babel src -d dist`
12 verbose stack Exit status 1
12 verbose stack     at EventEmitter.<anonymous> (/Users/camilo.colorado/.nvm/versions/node/v6.9.5/lib/node_modules/npm/lib/utils/lifecycle.js:255:16)
12 verbose stack     at emitTwo (events.js:106:13)
12 verbose stack     at EventEmitter.emit (events.js:191:7)
12 verbose stack     at ChildProcess.<anonymous> (/Users/camilo.colorado/.nvm/versions/node/v6.9.5/lib/node_modules/npm/lib/utils/spawn.js:40:14)
12 verbose stack     at emitTwo (events.js:106:13)
12 verbose stack     at ChildProcess.emit (events.js:191:7)
12 verbose stack     at maybeClose (internal/child_process.js:877:16)
12 verbose stack     at Process.ChildProcess._handle.onexit (internal/child_process.js:226:5)
13 verbose pkgid mongo@1.0.0
14 verbose cwd /Users/camilo.colorado/Documents/Camilo/basic-mongo-nodeJs
15 error Darwin 18.2.0
16 error argv "/Users/camilo.colorado/.nvm/versions/node/v6.9.5/bin/node" "/Users/camilo.colorado/.nvm/versions/node/v6.9.5/bin/npm" "run" "node"
17 error node v6.9.5
18 error npm  v3.10.10
19 error code ELIFECYCLE
20 error mongo@1.0.0 prenode: `rimraf dist && babel src -d dist`
20 error Exit status 1
21 error Failed at the mongo@1.0.0 prenode script 'rimraf dist && babel src -d dist'.
21 error Make sure you have the latest version of node.js and npm installed.
21 error If you do, this is most likely a problem with the mongo package,
21 error not with npm itself.
21 error Tell the author that this fails on your system:
21 error     rimraf dist && babel src -d dist
21 error You can get information on how to open an issue for this project with:
21 error     npm bugs mongo
21 error Or if that isn't available, you can get their info via:
21 error     npm owner ls mongo
21 error There is likely additional logging output above.
22 verbose exit [ 1, true ]
